<?xml version="1.0" encoding="UTF-8"?>
<!-- Generated by org.testng.reporters.JUnitXMLReporter -->
<testsuite hostname="LAPTOP-5E3MODR9" name="Default test" tests="12" failures="0" timestamp="30 Dec 2019 08:03:00 GMT" time="84.94" errors="0">
  <testcase name="loginpage" time="0.298" classname="com.jbk.ExcelwithDataproviderTest"/>
  <testcase name="loginpage" time="0.021" classname="com.jbk.ExcelwithDataproviderTest"/>
  <testcase name="loginpage" time="0.019" classname="com.jbk.ExcelwithDataproviderTest"/>
  <testcase name="loginpage" time="0.018" classname="com.jbk.ExcelwithDataproviderTest"/>
  <testcase name="loginpage" time="0.019" classname="com.jbk.ExcelwithDataproviderTest"/>
  <testcase name="loginpage" time="0.019" classname="com.jbk.ExcelwithDataproviderTest"/>
  <testcase name="loginpage" time="0.022" classname="com.jbk.ExcelwithDataproviderTest"/>
  <testcase name="loginpage" time="28.502" classname="com.jbk.LoginwithDataprovider"/>
  <testcase name="loginpage" time="23.352" classname="com.jbk.LoginwithDataprovider"/>
  <testcase name="loginpage" time="31.878" classname="com.jbk.LoginwithDataprovider"/>
  <testcase name="f" time="0.0" classname="com.jbk.NewTest1"/>
  <testcase name="f" time="0.0" classname="com.jbk.NewTest1"/>
</testsuite> <!-- Default test -->
