<?xml version="1.0" encoding="UTF-8"?>
<!-- Generated by org.testng.reporters.JUnitXMLReporter -->
<testsuite hostname="LAPTOP-5E3MODR9" name="Test" tests="3" failures="0" timestamp="30 Dec 2019 08:05:02 GMT" time="36.853" errors="0">
  <testcase name="loginpage" time="15.587" classname="com.jbk.LoginwithDataprovider"/>
  <testcase name="loginpage" time="8.85" classname="com.jbk.LoginwithDataprovider"/>
  <testcase name="loginpage" time="11.897" classname="com.jbk.LoginwithDataprovider"/>
</testsuite> <!-- Test -->
